0 info it worked if it ends with ok
1 verbose cli [ 'node', '/home/runvnc/npm/bin/npm', 'version', 'minor' ]
2 info using npm@3.0.0
3 info using node@v0.12.4
4 info preversion musepm-s3@1.2.0
5 info git [ 'status', '--porcelain' ]
6 verbose stack Error: Error: Git working directory not clean.
6 verbose stack D npm-debug.log
6 verbose stack M package.json
6 verbose stack     at /home/runvnc/npm/lib/node_modules/npm/lib/version.js:73:23
6 verbose stack     at /home/runvnc/npm/lib/node_modules/npm/lib/version.js:153:18
6 verbose stack     at ChildProcess.exithandler (child_process.js:742:7)
6 verbose stack     at ChildProcess.emit (events.js:110:17)
6 verbose stack     at maybeClose (child_process.js:1015:16)
6 verbose stack     at Socket.<anonymous> (child_process.js:1183:11)
6 verbose stack     at Socket.emit (events.js:107:17)
6 verbose stack     at Pipe.close (net.js:485:12)
7 verbose cwd /home/runvnc/code2/musepm-s3
8 error Linux 4.1.0-x86_64-linode59
9 error argv "node" "/home/runvnc/npm/bin/npm" "version" "minor"
10 error node v0.12.4
11 error npm  v3.0.0
12 error Error: Git working directory not clean.
12 error D npm-debug.log
12 error M package.json
13 error If you need help, you may report this error at:
13 error     <https://github.com/npm/npm/issues>
14 verbose exit [ 1, true ]
